Build started 10-02-2015 23:36:35.
     1>Project "C:\Users\Sridhar\Google Drive\OOD_Mass_Latest\Path and Pattern completed\FileMgr\FileMgr\Executive_Filecatalog\Executive_Filecatalog.vcxproj" on node 4 (Rebuild target(s)).
     1>ClCompile:
         C:\Program Files (x86)\Microsoft Visual Studio 12.0\VC\bin\CL.exe /c /ZI /nologo /W3 /WX- /Od /Oy- /D WIN32 /D _DEBUG /D _CONSOLE /D _LIB /D _UNICODE /D UNICODE /D TEST_EXECUTIVE /Gm /EHsc /RTC1 /MDd /GS /fp:precise /Zc:wchar_t /Zc:forScope /Fo"Debug\\" /Fd"Debug\vc120.pdb" /Gd /TP /analyze- /errorReport:prompt ..\DataStore\DataStore.cpp ..\Display\Display.cpp ..\FileMgr\FileMgr.cpp ..\FileMgr\FileSystem.cpp Executive.cpp
         Executive.cpp
         FileSystem.cpp
         FileMgr.cpp
         Display.cpp
         DataStore.cpp
         Generating Code...
       Link:
         C:\Program Files (x86)\Microsoft Visual Studio 12.0\VC\bin\link.exe /ERRORREPORT:PROMPT /OUT:"C:\Users\Sridhar\Google Drive\OOD_Mass_Latest\Path and Pattern completed\FileMgr\FileMgr\Debug\Executive_Filecatalog.exe" /INCREMENTAL /NOLOGO kernel32.lib user32.lib gdi32.lib winspool.lib comdlg32.lib advapi32.lib shell32.lib ole32.lib oleaut32.lib uuid.lib odbc32.lib odbccp32.lib /MANIFEST /MANIFESTUAC:"level='asInvoker' uiAccess='false'" /manifest:embed /DEBUG /PDB:"C:\Users\Sridhar\Google Drive\OOD_Mass_Latest\Path and Pattern completed\FileMgr\FileMgr\Debug\Executive_Filecatalog.pdb" /SUBSYSTEM:CONSOLE /TLBID:1 /DYNAMICBASE /NXCOMPAT /IMPLIB:"C:\Users\Sridhar\Google Drive\OOD_Mass_Latest\Path and Pattern completed\FileMgr\FileMgr\Debug\Executive_Filecatalog.lib" /MACHINE:X86 Debug\DataStore.obj
         Debug\Display.obj
         Debug\FileMgr.obj
         Debug\FileSystem.obj
         Debug\Executive.obj
         Executive_Filecatalog.vcxproj -> C:\Users\Sridhar\Google Drive\OOD_Mass_Latest\Path and Pattern completed\FileMgr\FileMgr\Debug\Executive_Filecatalog.exe
     1>Done Building Project "C:\Users\Sridhar\Google Drive\OOD_Mass_Latest\Path and Pattern completed\FileMgr\FileMgr\Executive_Filecatalog\Executive_Filecatalog.vcxproj" (Rebuild target(s)).

Build succeeded.

Time Elapsed 00:00:07.36
